1738845498.136287 client started (18184): version 3.5a, socket /tmp/tmux-1000/default, protocol 8
1738845498.136325 on Linux 6.12.10-arch1-1 #1 SMP PREEMPT_DYNAMIC Sat, 18 Jan 2025 02:26:57 +0000
1738845498.136344 using libevent 2.1.12-stable poll
1738845498.136352 using ncurses 6.5 20240427
1738845498.136409 flags are 0x18010000
1738845498.136434 socket is /tmp/tmux-1000/default
1738845498.136454 trying connect
1738845498.136549 add peer 0x58a172fdefb0: 6 ((nil))
1738845498.137003 sending message 111 to peer 0x58a172fdefb0 (8 bytes)
1738845498.137016 sending message 111 to peer 0x58a172fdefb0 (8 bytes)
1738845498.137025 sending message 101 to peer 0x58a172fdefb0 (15 bytes)
1738845498.137033 sending message 109 to peer 0x58a172fdefb0 (4 bytes)
1738845498.137041 sending message 102 to peer 0x58a172fdefb0 (11 bytes)
1738845498.137050 sending message 108 to peer 0x58a172fdefb0 (29 bytes)
1738845498.137058 sending message 112 to peer 0x58a172fdefb0 (58 bytes)
1738845498.137067 sending message 112 to peer 0x58a172fdefb0 (5 bytes)
1738845498.137075 sending message 112 to peer 0x58a172fdefb0 (5 bytes)
1738845498.137084 sending message 112 to peer 0x58a172fdefb0 (6 bytes)
1738845498.137092 sending message 112 to peer 0x58a172fdefb0 (6 bytes)
1738845498.137101 sending message 112 to peer 0x58a172fdefb0 (11 bytes)
1738845498.137109 sending message 112 to peer 0x58a172fdefb0 (10 bytes)
1738845498.137118 sending message 112 to peer 0x58a172fdefb0 (13 bytes)
1738845498.137126 sending message 112 to peer 0x58a172fdefb0 (14 bytes)
1738845498.137135 sending message 112 to peer 0x58a172fdefb0 (19 bytes)
1738845498.137143 sending message 112 to peer 0x58a172fdefb0 (11 bytes)
1738845498.137152 sending message 112 to peer 0x58a172fdefb0 (10 bytes)
1738845498.137160 sending message 112 to peer 0x58a172fdefb0 (15 bytes)
1738845498.137169 sending message 112 to peer 0x58a172fdefb0 (21 bytes)
1738845498.137177 sending message 112 to peer 0x58a172fdefb0 (13 bytes)
1738845498.137186 sending message 112 to peer 0x58a172fdefb0 (7 bytes)
1738845498.137194 sending message 112 to peer 0x58a172fdefb0 (13 bytes)
1738845498.137203 sending message 112 to peer 0x58a172fdefb0 (7 bytes)
1738845498.137211 sending message 112 to peer 0x58a172fdefb0 (13 bytes)
1738845498.137220 sending message 112 to peer 0x58a172fdefb0 (9 bytes)
1738845498.137229 sending message 112 to peer 0x58a172fdefb0 (21 bytes)
1738845498.137237 sending message 112 to peer 0x58a172fdefb0 (13 bytes)
1738845498.137246 sending message 112 to peer 0x58a172fdefb0 (9 bytes)
1738845498.137254 sending message 112 to peer 0x58a172fdefb0 (16 bytes)
1738845498.137263 sending message 112 to peer 0x58a172fdefb0 (13 bytes)
1738845498.137271 sending message 112 to peer 0x58a172fdefb0 (9 bytes)
1738845498.137280 sending message 112 to peer 0x58a172fdefb0 (9 bytes)
1738845498.137288 sending message 112 to peer 0x58a172fdefb0 (12 bytes)
1738845498.137297 sending message 112 to peer 0x58a172fdefb0 (8 bytes)
1738845498.137305 sending message 112 to peer 0x58a172fdefb0 (8 bytes)
1738845498.137314 sending message 112 to peer 0x58a172fdefb0 (13 bytes)
1738845498.137322 sending message 112 to peer 0x58a172fdefb0 (7 bytes)
1738845498.137331 sending message 112 to peer 0x58a172fdefb0 (7 bytes)
1738845498.137339 sending message 112 to peer 0x58a172fdefb0 (9 bytes)
1738845498.137348 sending message 112 to peer 0x58a172fdefb0 (9 bytes)
1738845498.137356 sending message 112 to peer 0x58a172fdefb0 (15 bytes)
1738845498.137365 sending message 112 to peer 0x58a172fdefb0 (13 bytes)
1738845498.137373 sending message 112 to peer 0x58a172fdefb0 (12 bytes)
1738845498.137382 sending message 112 to peer 0x58a172fdefb0 (8 bytes)
1738845498.137390 sending message 112 to peer 0x58a172fdefb0 (14 bytes)
1738845498.137398 sending message 112 to peer 0x58a172fdefb0 (11 bytes)
1738845498.137407 sending message 112 to peer 0x58a172fdefb0 (9 bytes)
1738845498.137415 sending message 112 to peer 0x58a172fdefb0 (10 bytes)
1738845498.137424 sending message 112 to peer 0x58a172fdefb0 (10 bytes)
1738845498.137432 sending message 112 to peer 0x58a172fdefb0 (10 bytes)
1738845498.137454 sending message 112 to peer 0x58a172fdefb0 (10 bytes)
1738845498.137463 sending message 112 to peer 0x58a172fdefb0 (11 bytes)
1738845498.137472 sending message 112 to peer 0x58a172fdefb0 (12 bytes)
1738845498.137480 sending message 112 to peer 0x58a172fdefb0 (12 bytes)
1738845498.137489 sending message 112 to peer 0x58a172fdefb0 (12 bytes)
1738845498.137498 sending message 112 to peer 0x58a172fdefb0 (12 bytes)
1738845498.137506 sending message 112 to peer 0x58a172fdefb0 (12 bytes)
1738845498.137515 sending message 112 to peer 0x58a172fdefb0 (11 bytes)
1738845498.137523 sending message 112 to peer 0x58a172fdefb0 (11 bytes)
1738845498.137532 sending message 112 to peer 0x58a172fdefb0 (12 bytes)
1738845498.137541 sending message 112 to peer 0x58a172fdefb0 (12 bytes)
1738845498.137549 sending message 112 to peer 0x58a172fdefb0 (12 bytes)
1738845498.137558 sending message 112 to peer 0x58a172fdefb0 (12 bytes)
1738845498.137566 sending message 112 to peer 0x58a172fdefb0 (12 bytes)
1738845498.137575 sending message 112 to peer 0x58a172fdefb0 (9 bytes)
1738845498.137583 sending message 112 to peer 0x58a172fdefb0 (12 bytes)
1738845498.137592 sending message 112 to peer 0x58a172fdefb0 (13 bytes)
1738845498.137601 sending message 112 to peer 0x58a172fdefb0 (13 bytes)
1738845498.137609 sending message 112 to peer 0x58a172fdefb0 (13 bytes)
1738845498.137618 sending message 112 to peer 0x58a172fdefb0 (13 bytes)
1738845498.137626 sending message 112 to peer 0x58a172fdefb0 (13 bytes)
1738845498.137635 sending message 112 to peer 0x58a172fdefb0 (8 bytes)
1738845498.137643 sending message 112 to peer 0x58a172fdefb0 (11 bytes)
1738845498.137652 sending message 112 to peer 0x58a172fdefb0 (11 bytes)
1738845498.137661 sending message 112 to peer 0x58a172fdefb0 (11 bytes)
1738845498.137669 sending message 112 to peer 0x58a172fdefb0 (12 bytes)
1738845498.137678 sending message 112 to peer 0x58a172fdefb0 (12 bytes)
1738845498.137686 sending message 112 to peer 0x58a172fdefb0 (12 bytes)
1738845498.137695 sending message 112 to peer 0x58a172fdefb0 (12 bytes)
1738845498.137703 sending message 112 to peer 0x58a172fdefb0 (13 bytes)
1738845498.137712 sending message 112 to peer 0x58a172fdefb0 (13 bytes)
1738845498.137720 sending message 112 to peer 0x58a172fdefb0 (13 bytes)
1738845498.137729 sending message 112 to peer 0x58a172fdefb0 (8 bytes)
1738845498.137738 sending message 112 to peer 0x58a172fdefb0 (13 bytes)
1738845498.137746 sending message 112 to peer 0x58a172fdefb0 (13 bytes)
1738845498.137755 sending message 112 to peer 0x58a172fdefb0 (13 bytes)
1738845498.137763 sending message 112 to peer 0x58a172fdefb0 (13 bytes)
1738845498.137772 sending message 112 to peer 0x58a172fdefb0 (13 bytes)
1738845498.137780 sending message 112 to peer 0x58a172fdefb0 (12 bytes)
1738845498.137789 sending message 112 to peer 0x58a172fdefb0 (12 bytes)
1738845498.137797 sending message 112 to peer 0x58a172fdefb0 (12 bytes)
1738845498.137806 sending message 112 to peer 0x58a172fdefb0 (12 bytes)
1738845498.137814 sending message 112 to peer 0x58a172fdefb0 (13 bytes)
1738845498.137823 sending message 112 to peer 0x58a172fdefb0 (8 bytes)
1738845498.137832 sending message 112 to peer 0x58a172fdefb0 (13 bytes)
1738845498.137840 sending message 112 to peer 0x58a172fdefb0 (13 bytes)
1738845498.137849 sending message 112 to peer 0x58a172fdefb0 (13 bytes)
1738845498.137857 sending message 112 to peer 0x58a172fdefb0 (13 bytes)
1738845498.137866 sending message 112 to peer 0x58a172fdefb0 (13 bytes)
1738845498.137874 sending message 112 to peer 0x58a172fdefb0 (13 bytes)
1738845498.137883 sending message 112 to peer 0x58a172fdefb0 (13 bytes)
1738845498.137891 sending message 112 to peer 0x58a172fdefb0 (12 bytes)
1738845498.137900 sending message 112 to peer 0x58a172fdefb0 (12 bytes)
1738845498.137908 sending message 112 to peer 0x58a172fdefb0 (12 bytes)
1738845498.137917 sending message 112 to peer 0x58a172fdefb0 (8 bytes)
1738845498.137925 sending message 112 to peer 0x58a172fdefb0 (12 bytes)
1738845498.137934 sending message 112 to peer 0x58a172fdefb0 (13 bytes)
1738845498.137949 sending message 112 to peer 0x58a172fdefb0 (13 bytes)
1738845498.137958 sending message 112 to peer 0x58a172fdefb0 (13 bytes)
1738845498.137967 sending message 112 to peer 0x58a172fdefb0 (13 bytes)
1738845498.137976 sending message 112 to peer 0x58a172fdefb0 (13 bytes)
1738845498.137984 sending message 112 to peer 0x58a172fdefb0 (13 bytes)
1738845498.137993 sending message 112 to peer 0x58a172fdefb0 (13 bytes)
1738845498.138001 sending message 112 to peer 0x58a172fdefb0 (13 bytes)
1738845498.138010 sending message 112 to peer 0x58a172fdefb0 (12 bytes)
1738845498.138019 sending message 112 to peer 0x58a172fdefb0 (10 bytes)
1738845498.138027 sending message 112 to peer 0x58a172fdefb0 (12 bytes)
1738845498.138036 sending message 112 to peer 0x58a172fdefb0 (12 bytes)
1738845498.138044 sending message 112 to peer 0x58a172fdefb0 (12 bytes)
1738845498.138053 sending message 112 to peer 0x58a172fdefb0 (13 bytes)
1738845498.138061 sending message 112 to peer 0x58a172fdefb0 (13 bytes)
1738845498.138070 sending message 112 to peer 0x58a172fdefb0 (13 bytes)
1738845498.138078 sending message 112 to peer 0x58a172fdefb0 (13 bytes)
1738845498.138087 sending message 112 to peer 0x58a172fdefb0 (13 bytes)
1738845498.138096 sending message 112 to peer 0x58a172fdefb0 (13 bytes)
1738845498.138104 sending message 112 to peer 0x58a172fdefb0 (13 bytes)
1738845498.138113 sending message 112 to peer 0x58a172fdefb0 (10 bytes)
1738845498.138121 sending message 112 to peer 0x58a172fdefb0 (13 bytes)
1738845498.138130 sending message 112 to peer 0x58a172fdefb0 (12 bytes)
1738845498.138139 sending message 112 to peer 0x58a172fdefb0 (12 bytes)
1738845498.138147 sending message 112 to peer 0x58a172fdefb0 (12 bytes)
1738845498.138156 sending message 112 to peer 0x58a172fdefb0 (10 bytes)
1738845498.138164 sending message 112 to peer 0x58a172fdefb0 (10 bytes)
1738845498.138173 sending message 112 to peer 0x58a172fdefb0 (10 bytes)
1738845498.138182 sending message 112 to peer 0x58a172fdefb0 (12 bytes)
1738845498.138190 sending message 112 to peer 0x58a172fdefb0 (13 bytes)
1738845498.138199 sending message 112 to peer 0x58a172fdefb0 (13 bytes)
1738845498.138207 sending message 112 to peer 0x58a172fdefb0 (13 bytes)
1738845498.138216 sending message 112 to peer 0x58a172fdefb0 (13 bytes)
1738845498.138225 sending message 112 to peer 0x58a172fdefb0 (13 bytes)
1738845498.138233 sending message 112 to peer 0x58a172fdefb0 (10 bytes)
1738845498.138242 sending message 112 to peer 0x58a172fdefb0 (11 bytes)
1738845498.138250 sending message 112 to peer 0x58a172fdefb0 (12 bytes)
1738845498.138259 sending message 112 to peer 0x58a172fdefb0 (12 bytes)
1738845498.138268 sending message 112 to peer 0x58a172fdefb0 (12 bytes)
1738845498.138276 sending message 112 to peer 0x58a172fdefb0 (12 bytes)
1738845498.138285 sending message 112 to peer 0x58a172fdefb0 (12 bytes)
1738845498.138293 sending message 112 to peer 0x58a172fdefb0 (11 bytes)
1738845498.138302 sending message 112 to peer 0x58a172fdefb0 (12 bytes)
1738845498.138310 sending message 112 to peer 0x58a172fdefb0 (12 bytes)
1738845498.138319 sending message 112 to peer 0x58a172fdefb0 (13 bytes)
1738845498.138327 sending message 112 to peer 0x58a172fdefb0 (13 bytes)
1738845498.138336 sending message 112 to peer 0x58a172fdefb0 (13 bytes)
1738845498.138345 sending message 112 to peer 0x58a172fdefb0 (13 bytes)
1738845498.138353 sending message 112 to peer 0x58a172fdefb0 (13 bytes)
1738845498.138362 sending message 112 to peer 0x58a172fdefb0 (10 bytes)
1738845498.138370 sending message 112 to peer 0x58a172fdefb0 (9 bytes)
1738845498.138379 sending message 112 to peer 0x58a172fdefb0 (12 bytes)
1738845498.138388 sending message 112 to peer 0x58a172fdefb0 (13 bytes)
1738845498.138396 sending message 112 to peer 0x58a172fdefb0 (13 bytes)
1738845498.138405 sending message 112 to peer 0x58a172fdefb0 (13 bytes)
1738845498.138413 sending message 112 to peer 0x58a172fdefb0 (13 bytes)
1738845498.138422 sending message 112 to peer 0x58a172fdefb0 (13 bytes)
1738845498.138430 sending message 112 to peer 0x58a172fdefb0 (9 bytes)
1738845498.138445 sending message 112 to peer 0x58a172fdefb0 (12 bytes)
1738845498.138454 sending message 112 to peer 0x58a172fdefb0 (13 bytes)
1738845498.138463 sending message 112 to peer 0x58a172fdefb0 (13 bytes)
1738845498.138472 sending message 112 to peer 0x58a172fdefb0 (13 bytes)
1738845498.138480 sending message 112 to peer 0x58a172fdefb0 (13 bytes)
1738845498.138489 sending message 112 to peer 0x58a172fdefb0 (13 bytes)
1738845498.138497 sending message 112 to peer 0x58a172fdefb0 (11 bytes)
1738845498.138506 sending message 112 to peer 0x58a172fdefb0 (12 bytes)
1738845498.138515 sending message 112 to peer 0x58a172fdefb0 (13 bytes)
1738845498.138523 sending message 112 to peer 0x58a172fdefb0 (13 bytes)
1738845498.138532 sending message 112 to peer 0x58a172fdefb0 (13 bytes)
1738845498.138540 sending message 112 to peer 0x58a172fdefb0 (13 bytes)
1738845498.138549 sending message 112 to peer 0x58a172fdefb0 (13 bytes)
1738845498.138558 sending message 112 to peer 0x58a172fdefb0 (11 bytes)
1738845498.138566 sending message 112 to peer 0x58a172fdefb0 (12 bytes)
1738845498.138575 sending message 112 to peer 0x58a172fdefb0 (12 bytes)
1738845498.138583 sending message 112 to peer 0x58a172fdefb0 (12 bytes)
1738845498.138592 sending message 112 to peer 0x58a172fdefb0 (12 bytes)
1738845498.138601 sending message 112 to peer 0x58a172fdefb0 (12 bytes)
1738845498.138609 sending message 112 to peer 0x58a172fdefb0 (21 bytes)
1738845498.138618 sending message 112 to peer 0x58a172fdefb0 (12 bytes)
1738845498.138627 sending message 112 to peer 0x58a172fdefb0 (9 bytes)
1738845498.138635 sending message 112 to peer 0x58a172fdefb0 (6 bytes)
1738845498.138644 sending message 112 to peer 0x58a172fdefb0 (13 bytes)
1738845498.138652 sending message 112 to peer 0x58a172fdefb0 (10 bytes)
1738845498.138661 sending message 112 to peer 0x58a172fdefb0 (24 bytes)
1738845498.138670 sending message 112 to peer 0x58a172fdefb0 (13 bytes)
1738845498.138679 sending message 112 to peer 0x58a172fdefb0 (9 bytes)
1738845498.138687 sending message 112 to peer 0x58a172fdefb0 (70 bytes)
1738845498.138696 sending message 112 to peer 0x58a172fdefb0 (69 bytes)
1738845498.138705 sending message 112 to peer 0x58a172fdefb0 (12 bytes)
1738845498.138714 sending message 112 to peer 0x58a172fdefb0 (10 bytes)
1738845498.138722 sending message 112 to peer 0x58a172fdefb0 (10 bytes)
1738845498.138731 sending message 112 to peer 0x58a172fdefb0 (24 bytes)
1738845498.138740 sending message 112 to peer 0x58a172fdefb0 (13 bytes)
1738845498.138748 sending message 112 to peer 0x58a172fdefb0 (10 bytes)
1738845498.138757 sending message 112 to peer 0x58a172fdefb0 (10 bytes)
1738845498.138765 sending message 112 to peer 0x58a172fdefb0 (10 bytes)
1738845498.138774 sending message 112 to peer 0x58a172fdefb0 (13 bytes)
1738845498.138783 sending message 112 to peer 0x58a172fdefb0 (15 bytes)
1738845498.138791 sending message 112 to peer 0x58a172fdefb0 (5 bytes)
1738845498.138801 sending message 104 to peer 0x58a172fdefb0 (0 bytes)
1738845498.138811 sending message 110 to peer 0x58a172fdefb0 (0 bytes)
1738845498.138820 sending message 107 to peer 0x58a172fdefb0 (4 bytes)
1738845498.138829 sending message 105 to peer 0x58a172fdefb0 (15 bytes)
1738845498.138837 sending message 105 to peer 0x58a172fdefb0 (20 bytes)
1738845498.138846 sending message 105 to peer 0x58a172fdefb0 (54 bytes)
1738845498.138855 sending message 105 to peer 0x58a172fdefb0 (50 bytes)
1738845498.138864 sending message 105 to peer 0x58a172fdefb0 (26 bytes)
1738845498.138872 sending message 105 to peer 0x58a172fdefb0 (11 bytes)
1738845498.138881 sending message 105 to peer 0x58a172fdefb0 (21 bytes)
1738845498.138890 sending message 105 to peer 0x58a172fdefb0 (94 bytes)
1738845498.138898 sending message 105 to peer 0x58a172fdefb0 (30 bytes)
1738845498.138907 sending message 105 to peer 0x58a172fdefb0 (32 bytes)
1738845498.138916 sending message 105 to peer 0x58a172fdefb0 (81 bytes)
1738845498.138924 sending message 105 to peer 0x58a172fdefb0 (21 bytes)
1738845498.138933 sending message 105 to peer 0x58a172fdefb0 (43 bytes)
1738845498.138948 sending message 105 to peer 0x58a172fdefb0 (47 bytes)
1738845498.138957 sending message 105 to peer 0x58a172fdefb0 (22 bytes)
1738845498.138966 sending message 105 to peer 0x58a172fdefb0 (28 bytes)
1738845498.138974 sending message 105 to peer 0x58a172fdefb0 (22 bytes)
1738845498.138983 sending message 105 to peer 0x58a172fdefb0 (21 bytes)
1738845498.138992 sending message 105 to peer 0x58a172fdefb0 (22 bytes)
1738845498.139001 sending message 105 to peer 0x58a172fdefb0 (27 bytes)
1738845498.139009 sending message 105 to peer 0x58a172fdefb0 (33 bytes)
1738845498.139018 sending message 105 to peer 0x58a172fdefb0 (31 bytes)
1738845498.139027 sending message 105 to peer 0x58a172fdefb0 (23 bytes)
1738845498.139035 sending message 105 to peer 0x58a172fdefb0 (17 bytes)
1738845498.139044 sending message 105 to peer 0x58a172fdefb0 (10 bytes)
1738845498.139053 sending message 105 to peer 0x58a172fdefb0 (18 bytes)
1738845498.139062 sending message 105 to peer 0x58a172fdefb0 (31 bytes)
1738845498.139070 sending message 105 to peer 0x58a172fdefb0 (15 bytes)
1738845498.139079 sending message 105 to peer 0x58a172fdefb0 (143 bytes)
1738845498.139087 sending message 105 to peer 0x58a172fdefb0 (51 bytes)
1738845498.139096 sending message 105 to peer 0x58a172fdefb0 (15 bytes)
1738845498.139105 sending message 105 to peer 0x58a172fdefb0 (33 bytes)
1738845498.139113 sending message 105 to peer 0x58a172fdefb0 (50 bytes)
1738845498.139122 sending message 105 to peer 0x58a172fdefb0 (134 bytes)
1738845498.139130 sending message 105 to peer 0x58a172fdefb0 (13 bytes)
1738845498.139139 sending message 105 to peer 0x58a172fdefb0 (33 bytes)
1738845498.139148 sending message 105 to peer 0x58a172fdefb0 (30 bytes)
1738845498.139157 sending message 105 to peer 0x58a172fdefb0 (78 bytes)
1738845498.139165 sending message 105 to peer 0x58a172fdefb0 (19 bytes)
1738845498.139174 sending message 105 to peer 0x58a172fdefb0 (50 bytes)
1738845498.139182 sending message 105 to peer 0x58a172fdefb0 (21 bytes)
1738845498.139191 sending message 105 to peer 0x58a172fdefb0 (20 bytes)
1738845498.139200 sending message 105 to peer 0x58a172fdefb0 (15 bytes)
1738845498.139208 sending message 105 to peer 0x58a172fdefb0 (17 bytes)
1738845498.139217 sending message 105 to peer 0x58a172fdefb0 (39 bytes)
1738845498.139226 sending message 105 to peer 0x58a172fdefb0 (61 bytes)
1738845498.139234 sending message 105 to peer 0x58a172fdefb0 (24 bytes)
1738845498.139243 sending message 105 to peer 0x58a172fdefb0 (124 bytes)
1738845498.139252 sending message 105 to peer 0x58a172fdefb0 (53 bytes)
1738845498.139261 sending message 105 to peer 0x58a172fdefb0 (24 bytes)
1738845498.139269 sending message 105 to peer 0x58a172fdefb0 (31 bytes)
1738845498.139278 sending message 105 to peer 0x58a172fdefb0 (15 bytes)
1738845498.139287 sending message 105 to peer 0x58a172fdefb0 (52 bytes)
1738845498.139295 sending message 105 to peer 0x58a172fdefb0 (23 bytes)
1738845498.139304 sending message 105 to peer 0x58a172fdefb0 (30 bytes)
1738845498.139313 sending message 105 to peer 0x58a172fdefb0 (17 bytes)
1738845498.139321 sending message 105 to peer 0x58a172fdefb0 (58 bytes)
1738845498.139330 sending message 105 to peer 0x58a172fdefb0 (21 bytes)
1738845498.139338 sending message 105 to peer 0x58a172fdefb0 (11 bytes)
1738845498.139347 sending message 105 to peer 0x58a172fdefb0 (8 bytes)
1738845498.139356 sending message 105 to peer 0x58a172fdefb0 (31 bytes)
1738845498.139364 sending message 105 to peer 0x58a172fdefb0 (11 bytes)
1738845498.139373 sending message 105 to peer 0x58a172fdefb0 (8 bytes)
1738845498.139382 sending message 105 to peer 0x58a172fdefb0 (32 bytes)
1738845498.139391 sending message 105 to peer 0x58a172fdefb0 (1905 bytes)
1738845498.139414 sending message 105 to peer 0x58a172fdefb0 (16 bytes)
1738845498.139423 sending message 106 to peer 0x58a172fdefb0 (0 bytes)
1738845498.139496 sending message 200 to peer 0x58a172fdefb0 (4 bytes)
1738845498.139505 client loop enter
1738845498.155912 peer 0x58a172fdefb0 message 207
1738845498.155953 sending message 208 to peer 0x58a172fdefb0 (0 bytes)
1738845504.410921 peer 0x58a172fdefb0 message 201
1738845504.410958 sending message 205 to peer 0x58a172fdefb0 (0 bytes)
1738845504.411424 peer 0x58a172fdefb0 message 204
1738845504.411440 client loop exit
